<?xml version="1.0" encoding="UTF-8"?>
<Site BuildName="(empty)"
	BuildStamp="20251220-0451-Experimental"
	Name="(empty)"
	Generator="ctest-4.2.1"
	CompilerName=""
	CompilerVersion=""
	OSName="Linux"
	Hostname="Zephyr"
	OSRelease="6.18.2-arch2-1"
	OSVersion="#1 SMP PREEMPT_DYNAMIC Thu, 18 Dec 2025 18:00:18 +0000"
	OSPlatform="x86_64"
	Is64Bits="1"
	VendorString="GenuineIntel"
	VendorID="Intel Corporation"
	FamilyID="6"
	ModelID="183"
	ModelName="Intel(R) Core(TM) i7-14700HX"
	ProcessorCacheSize="33792"
	NumberOfLogicalCPU="28"
	NumberOfPhysicalCPU="20"
	TotalVirtualMemory="35336"
	TotalPhysicalMemory="31793"
	LogicalProcessorsPerPhysical="1"
	ProcessorClockFrequency="3515.52"
	>
	<Testing>
		<StartDateTime>Jan 18 13:38 CST</StartDateTime>
		<StartTestTime>1768714709</StartTestTime>
		<TestList/>
		<EndDateTime>Jan 18 13:38 CST</EndDateTime>
		<EndTestTime>1768714709</EndTestTime>
		<ElapsedMinutes>0</ElapsedMinutes>
	</Testing>
</Site>
